[debug] [2026-05-31T13:37:32.882Z] ----------------------------------------------------------------------
[debug] [2026-05-31T13:37:32.885Z] Command:       C:\Program Files\nodejs\node.exe C:\Users\kavis\AppData\Roaming\npm\node_modules\firebase-tools\lib\bin\firebase.js deploy --only hosting
[debug] [2026-05-31T13:37:32.886Z] CLI Version:   15.18.0
[debug] [2026-05-31T13:37:32.886Z] Platform:      win32
[debug] [2026-05-31T13:37:32.886Z] Node Version:  v24.4.1
[debug] [2026-05-31T13:37:32.886Z] Time:          Sun May 31 2026 19:07:32 GMT+0530 (India Standard Time)
[debug] [2026-05-31T13:37:32.886Z] ----------------------------------------------------------------------
[debug] 
[debug] [2026-05-31T13:37:35.226Z] > command requires scopes: ["email","openid","https://www.googleapis.com/auth/cloudplatformprojects.readonly","https://www.googleapis.com/auth/firebase","https://www.googleapis.com/auth/cloud-platform"]
[debug] [2026-05-31T13:37:35.227Z] > authorizing via signed-in user (bvhss20@gmail.com)
[debug] [2026-05-31T13:37:35.227Z] [iam] checking project ecommerce-website-dfd55 for permissions ["firebase.projects.get","firebasehosting.sites.update"]
[debug] [2026-05-31T13:37:35.231Z] Checked if tokens are valid: true, expires at: 1780238029241
[debug] [2026-05-31T13:37:35.231Z] Checked if tokens are valid: true, expires at: 1780238029241
[debug] [2026-05-31T13:37:35.234Z] >>> [apiv2][query] POST https://cloudresourcemanager.googleapis.com/v1/projects/ecommerce-website-dfd55:testIamPermissions [none]
[debug] [2026-05-31T13:37:35.234Z] >>> [apiv2][(partial)header] POST https://cloudresourcemanager.googleapis.com/v1/projects/ecommerce-website-dfd55:testIamPermissions  x-goog-user-project=ecommerce-website-dfd55
[debug] [2026-05-31T13:37:35.234Z] >>> [apiv2][body] POST https://cloudresourcemanager.googleapis.com/v1/projects/ecommerce-website-dfd55:testIamPermissions {"permissions":["firebase.projects.get","firebasehosting.sites.update"]}
[debug] [2026-05-31T13:38:12.778Z] *** [apiv2] error from fetch(https://cloudresourcemanager.googleapis.com/v1/projects/ecommerce-website-dfd55:testIamPermissions, {"headers":{},"method":"POST","body":"{\"permissions\":[\"firebase.projects.get\",\"firebasehosting.sites.update\"]}"}): FetchError: request to https://cloudresourcemanager.googleapis.com/v1/projects/ecommerce-website-dfd55:testIamPermissions failed, reason: socket hang up
[debug] [2026-05-31T13:38:12.779Z] [iam] error while checking permissions, command may fail: Failed to make request to https://cloudresourcemanager.googleapis.com/v1/projects/ecommerce-website-dfd55:testIamPermissions
[debug] [2026-05-31T13:38:12.781Z] Checked if tokens are valid: true, expires at: 1780238029241
[debug] [2026-05-31T13:38:12.781Z] Checked if tokens are valid: true, expires at: 1780238029241
[debug] [2026-05-31T13:38:12.782Z] >>> [apiv2][query] GET https://firebase.googleapis.com/v1beta1/projects/ecommerce-website-dfd55 [none]
[debug] [2026-05-31T13:38:23.944Z] *** [apiv2] error from fetch(https://firebase.googleapis.com/v1beta1/projects/ecommerce-website-dfd55, {"headers":{},"method":"GET","signal":{"reason":""}}): FetchError: request to https://firebase.googleapis.com/v1beta1/projects/ecommerce-website-dfd55 failed, reason: getaddrinfo ENOTFOUND firebase.googleapis.com
[debug] [2026-05-31T13:38:23.945Z] Failed to make request to https://firebase.googleapis.com/v1beta1/projects/ecommerce-website-dfd55 (original: request to https://firebase.googleapis.com/v1beta1/projects/ecommerce-website-dfd55 failed, reason: getaddrinfo ENOTFOUND firebase.googleapis.com)
[debug] [2026-05-31T13:38:28.976Z] Error: Timed out.
    at Timeout._onTimeout (C:\Users\kavis\AppData\Roaming\npm\node_modules\firebase-tools\lib\utils.js:309:49)
    at listOnTimeout (node:internal/timers:608:17)
    at process.processTimers (node:internal/timers:543:7)
[error] 
[error] Error: An unexpected error has occurred.
[debug] [2026-05-31T13:46:21.145Z] ----------------------------------------------------------------------
[debug] [2026-05-31T13:46:21.149Z] Command:       C:\Program Files\nodejs\node.exe C:\Users\kavis\AppData\Roaming\npm\node_modules\firebase-tools\lib\bin\firebase.js deploy --only hosting
[debug] [2026-05-31T13:46:21.149Z] CLI Version:   15.18.0
[debug] [2026-05-31T13:46:21.149Z] Platform:      win32
[debug] [2026-05-31T13:46:21.149Z] Node Version:  v24.4.1
[debug] [2026-05-31T13:46:21.150Z] Time:          Sun May 31 2026 19:16:21 GMT+0530 (India Standard Time)
[debug] [2026-05-31T13:46:21.150Z] ----------------------------------------------------------------------
[debug] 
[debug] [2026-05-31T13:46:23.496Z] > command requires scopes: ["email","openid","https://www.googleapis.com/auth/cloudplatformprojects.readonly","https://www.googleapis.com/auth/firebase","https://www.googleapis.com/auth/cloud-platform"]
[debug] [2026-05-31T13:46:23.497Z] > authorizing via signed-in user (bvhss20@gmail.com)
[debug] [2026-05-31T13:46:23.497Z] [iam] checking project ecommerce-website-dfd55 for permissions ["firebase.projects.get","firebasehosting.sites.update"]
[debug] [2026-05-31T13:46:23.499Z] Checked if tokens are valid: true, expires at: 1780238029241
[debug] [2026-05-31T13:46:23.499Z] Checked if tokens are valid: true, expires at: 1780238029241
[debug] [2026-05-31T13:46:23.501Z] >>> [apiv2][query] POST https://cloudresourcemanager.googleapis.com/v1/projects/ecommerce-website-dfd55:testIamPermissions [none]
[debug] [2026-05-31T13:46:23.502Z] >>> [apiv2][(partial)header] POST https://cloudresourcemanager.googleapis.com/v1/projects/ecommerce-website-dfd55:testIamPermissions  x-goog-user-project=ecommerce-website-dfd55
[debug] [2026-05-31T13:46:23.502Z] >>> [apiv2][body] POST https://cloudresourcemanager.googleapis.com/v1/projects/ecommerce-website-dfd55:testIamPermissions {"permissions":["firebase.projects.get","firebasehosting.sites.update"]}
[debug] [2026-05-31T13:46:35.293Z] *** [apiv2] error from fetch(https://cloudresourcemanager.googleapis.com/v1/projects/ecommerce-website-dfd55:testIamPermissions, {"headers":{},"method":"POST","body":"{\"permissions\":[\"firebase.projects.get\",\"firebasehosting.sites.update\"]}"}): FetchError: request to https://cloudresourcemanager.googleapis.com/v1/projects/ecommerce-website-dfd55:testIamPermissions failed, reason: getaddrinfo ENOTFOUND cloudresourcemanager.googleapis.com
[debug] [2026-05-31T13:46:35.294Z] [iam] error while checking permissions, command may fail: Failed to make request to https://cloudresourcemanager.googleapis.com/v1/projects/ecommerce-website-dfd55:testIamPermissions
[debug] [2026-05-31T13:46:35.297Z] Checked if tokens are valid: true, expires at: 1780238029241
[debug] [2026-05-31T13:46:35.297Z] Checked if tokens are valid: true, expires at: 1780238029241
[debug] [2026-05-31T13:46:35.297Z] >>> [apiv2][query] GET https://firebase.googleapis.com/v1beta1/projects/ecommerce-website-dfd55 [none]
[debug] [2026-05-31T13:46:46.977Z] *** [apiv2] error from fetch(https://firebase.googleapis.com/v1beta1/projects/ecommerce-website-dfd55, {"headers":{},"method":"GET","signal":{"reason":""}}): FetchError: request to https://firebase.googleapis.com/v1beta1/projects/ecommerce-website-dfd55 failed, reason: getaddrinfo ENOTFOUND firebase.googleapis.com
[debug] [2026-05-31T13:46:46.978Z] Failed to make request to https://firebase.googleapis.com/v1beta1/projects/ecommerce-website-dfd55 (original: request to https://firebase.googleapis.com/v1beta1/projects/ecommerce-website-dfd55 failed, reason: getaddrinfo ENOTFOUND firebase.googleapis.com)
[debug] [2026-05-31T13:46:51.986Z] Error: Timed out.
    at Timeout._onTimeout (C:\Users\kavis\AppData\Roaming\npm\node_modules\firebase-tools\lib\utils.js:309:49)
    at listOnTimeout (node:internal/timers:608:17)
    at process.processTimers (node:internal/timers:543:7)
[error] 
[error] Error: An unexpected error has occurred.
